Android/samsung/Recevier/build/outputs/logs/manifest-merger-debug-report.txt
-- Merging decision tree log ---
manifest
ADDED from AndroidManifest.xml:10:1
	package
		ADDED from AndroidManifest.xml:11:5
		INJECTED from AndroidManifest.xml:0:0
		INJECTED from AndroidManifest.xml:0:0
	android:versionName
		ADDED from AndroidManifest.xml:13:5
	android:versionCode
		ADDED from AndroidManifest.xml:12:5
		INJECTED from AndroidManifest.xml:0:0
		INJECTED from AndroidManifest.xml:0:0
	xmlns:android
		ADDED from AndroidManifest.xml:10:11
uses-sdk
ADDED from AndroidManifest.xml:15:5
MERGED from com.mixpanel.android:mixpanel-android:4.1.0:3:5
	android:targetSdkVersion
		ADDED from AndroidManifest.xml:17:9
	android:minSdkVersion
		ADDED from AndroidManifest.xml:16:9
uses-permission#android.permission.INTERNET
ADDED from AndroidManifest.xml:19:5
MERGED from com.mixpanel.android:mixpanel-android:4.1.0:8:5
	android:name
		ADDED from AndroidManifest.xml:19:22
uses-permission#android.permission.ACCESS_NETWORK_STATE
ADDED from AndroidManifest.xml:20:5
	android:name
		ADDED from AndroidManifest.xml:20:22
uses-permission#android.permission.BLUETOOTH
ADDED from AndroidManifest.xml:21:5
	android:name
		ADDED from AndroidManifest.xml:21:22
permission#com.mixpanel.spoc.receiver.permission.C2D_MESSAGE
ADDED from AndroidManifest.xml:23:5
	android:protectionLevel
		ADDED from AndroidManifest.xml:23:82
	android:name
		ADDED from AndroidManifest.xml:23:17
uses-permission#com.mixpanel.spoc.receiver.permission.C2D_MESSAGE
ADDED from AndroidManifest.xml:24:5
	android:name
		ADDED from AndroidManifest.xml:24:22
uses-permission#com.google.android.c2dm.permission.RECEIVE
ADDED from AndroidManifest.xml:26:5
	android:name
		ADDED from AndroidManifest.xml:26:22
uses-permission#android.permission.GET_ACCOUNTS
ADDED from AndroidManifest.xml:27:5
	android:name
		ADDED from AndroidManifest.xml:27:22
uses-permission#android.permission.WAKE_LOCK
ADDED from AndroidManifest.xml:28:5
	android:name
		ADDED from AndroidManifest.xml:28:22
application
ADDED from AndroidManifest.xml:30:5
MERGED from com.mixpanel.android:mixpanel-android:4.1.0:48:5
	android:label
		ADDED from AndroidManifest.xml:33:9
	android:allowBackup
		ADDED from AndroidManifest.xml:31:9
	android:icon
		ADDED from AndroidManifest.xml:32:9
	android:theme
		ADDED from AndroidManifest.xml:34:9
meta-data#com.mixpanel.android.MPConfig.DisableFallback
ADDED from AndroidManifest.xml:36:9
	android:value
		ADDED from AndroidManifest.xml:37:16
	android:name
		ADDED from AndroidManifest.xml:36:20
meta-data#com.mixpanel.android.MPConfig.TestMode
ADDED from AndroidManifest.xml:42:9
	android:value
		ADDED from AndroidManifest.xml:43:13
	android:name
		ADDED from AndroidManifest.xml:42:20
meta-data#com.mixpanel.android.MPConfig.EnableDebugLogging
ADDED from AndroidManifest.xml:45:9
	android:value
		ADDED from AndroidManifest.xml:46:13
	android:name
		ADDED from AndroidManifest.xml:45:20
activity#com.mixpanel.spoc.receiver.MainActivity
ADDED from AndroidManifest.xml:48:9
	android:label
		ADDED from AndroidManifest.xml:50:13
	android:name
		ADDED from AndroidManifest.xml:49:13
intent-filter#android.intent.action.MAIN+android.intent.category.LAUNCHER
ADDED from AndroidManifest.xml:51:13
action#android.intent.action.MAIN
ADDED from AndroidManifest.xml:52:17
	android:name
		ADDED from AndroidManifest.xml:52:25
category#android.intent.category.LAUNCHER
ADDED from AndroidManifest.xml:53:17
	android:name
		ADDED from AndroidManifest.xml:53:27
intent-filter#android.intent.action.VIEW+android.intent.category.BROWSABLE+android.intent.category.DEFAULT
ADDED from AndroidManifest.xml:60:13
	android:label
		ADDED from AndroidManifest.xml:60:28
action#android.intent.action.VIEW
ADDED from AndroidManifest.xml:61:17
	android:name
		ADDED from AndroidManifest.xml:61:25
category#android.intent.category.DEFAULT
ADDED from AndroidManifest.xml:62:17
	android:name
		ADDED from AndroidManifest.xml:62:27
category#android.intent.category.BROWSABLE
ADDED from AndroidManifest.xml:63:17
	android:name
		ADDED from AndroidManifest.xml:63:27
data
ADDED from AndroidManifest.xml:64:17
	android:host
		ADDED from AndroidManifest.xml:65:21
	android:scheme
		ADDED from AndroidManifest.xml:64:23
activity#com.mixpanel.android.surveys.SurveyActivity
ADDED from AndroidManifest.xml:69:9
	android:theme
		ADDED from AndroidManifest.xml:70:19
	android:name
		ADDED from AndroidManifest.xml:69:19
receiver#com.mixpanel.spoc.receiver.CustomGCMReceiver
ADDED from AndroidManifest.xml:81:9
	android:permission
		ADDED from AndroidManifest.xml:82:13
	android:name
		ADDED from AndroidManifest.xml:81:19
intent-filter#com.google.android.c2dm.intent.RECEIVE+com.mixpanel.spoc.receiver
ADDED from AndroidManifest.xml:83:13
action#com.google.android.c2dm.intent.RECEIVE
ADDED from AndroidManifest.xml:84:17
	android:name
		ADDED from AndroidManifest.xml:84:25
category#com.mixpanel.spoc.receiver
ADDED from AndroidManifest.xml:85:17
	android:name
		ADDED from AndroidManifest.xml:85:27
receiver#com.mixpanel.android.mpmetrics.GCMReceiver
ADDED from AndroidManifest.xml:89:9
	android:permission
		ADDED from AndroidManifest.xml:90:13
	android:name
		ADDED from AndroidManifest.xml:89:19
intent-filter#com.google.android.c2dm.intent.REGISTRATION+com.mixpanel.spoc.receiver
ADDED from AndroidManifest.xml:91:13
action#com.google.android.c2dm.intent.REGISTRATION
ADDED from AndroidManifest.xml:92:17
	android:name
		ADDED from AndroidManifest.xml:92:25
receiver#com.mixpanel.android.mpmetrics.InstallReferrerReceiver
ADDED from AndroidManifest.xml:97:9
	android:exported
		ADDED from AndroidManifest.xml:97:89
	android:name
		ADDED from AndroidManifest.xml:97:19
intent-filter#com.android.vending.INSTALL_REFERRER
ADDED from AndroidManifest.xml:98:13
action#com.android.vending.INSTALL_REFERRER
ADDED from AndroidManifest.xml:99:17
	android:name
		ADDED from AndroidManifest.xml:99:25